DEBUG   |200408 09:57:48|Fetching filter data from database
DEBUG   |200408 09:57:48|Loading filters
DEBUG   |200408 09:57:48|-- Loading filter Directories
DEBUG   |200408 09:57:48|-- Loading filter Extradirs
DEBUG   |200408 09:57:48|-- Loading filter Files
DEBUG   |200408 09:57:48|-- Loading filter Incremental
DEBUG   |200408 09:57:48|-- Loading filter Multidb
DEBUG   |200408 09:57:48|-- Loading filter Regexdirectories
DEBUG   |200408 09:57:48|-- Loading filter Regexfiles
DEBUG   |200408 09:57:48|-- Loading filter Regexskipdirs
DEBUG   |200408 09:57:48|-- Loading filter Regexskipfiles
DEBUG   |200408 09:57:48|-- Loading filter Regextabledata
DEBUG   |200408 09:57:48|-- Loading filter Regextables
DEBUG   |200408 09:57:48|-- Loading filter Skipdirs
DEBUG   |200408 09:57:48|-- Loading filter Skipfiles
DEBUG   |200408 09:57:48|-- Loading filter Tabledata
DEBUG   |200408 09:57:48|-- Loading filter Tables
DEBUG   |200408 09:57:48|-- Loading filter Cvsfolders
DEBUG   |200408 09:57:48|-- Loading filter Excludefiles
DEBUG   |200408 09:57:48|-- Loading filter Excludefolders
DEBUG   |200408 09:57:48|-- Loading filter Excludetabledata
DEBUG   |200408 09:57:48|-- Loading filter Joomlaskipdirs
DEBUG   |200408 09:57:48|-- Loading filter Joomlaskipfiles
DEBUG   |200408 09:57:48|-- Loading filter Libraries
DEBUG   |200408 09:57:48|-- Loading filter Sitedb
DEBUG   |200408 09:57:48|-- Loading filter Siteroot
DEBUG   |200408 09:57:48|-- Loading filter Systemcachefiles
DEBUG   |200408 09:57:48|Loading optional filters
DEBUG   |200408 09:57:48|-- Loading optional filter Stack\StackErrorlogs
DEBUG   |200408 09:57:48|-- Loading optional filter Stack\StackHoststats
DEBUG   |200408 09:57:48|-- Loading optional filter Stack\StackActionlogs
DEBUG   |200408 09:57:48|-- Loading optional filter Stack\StackFinder
DEBUG   |200408 09:57:48|-- Loading optional filter Stack\StackMyjoomla
DEBUG   |200408 10:10:15|Fetching filter data from database
DEBUG   |200408 10:10:15|Loading filters
DEBUG   |200408 10:10:15|-- Loading filter Directories
DEBUG   |200408 10:10:15|-- Loading filter Extradirs
DEBUG   |200408 10:10:15|-- Loading filter Files
DEBUG   |200408 10:10:15|-- Loading filter Incremental
DEBUG   |200408 10:10:15|-- Loading filter Multidb
DEBUG   |200408 10:10:15|-- Loading filter Regexdirectories
DEBUG   |200408 10:10:15|-- Loading filter Regexfiles
DEBUG   |200408 10:10:15|-- Loading filter Regexskipdirs
DEBUG   |200408 10:10:15|-- Loading filter Regexskipfiles
DEBUG   |200408 10:10:15|-- Loading filter Regextabledata
DEBUG   |200408 10:10:15|-- Loading filter Regextables
DEBUG   |200408 10:10:15|-- Loading filter Skipdirs
DEBUG   |200408 10:10:15|-- Loading filter Skipfiles
DEBUG   |200408 10:10:15|-- Loading filter Tabledata
DEBUG   |200408 10:10:15|-- Loading filter Tables
DEBUG   |200408 10:10:15|-- Loading filter Cvsfolders
DEBUG   |200408 10:10:15|-- Loading filter Excludefiles
DEBUG   |200408 10:10:15|-- Loading filter Excludefolders
DEBUG   |200408 10:10:15|-- Loading filter Excludetabledata
DEBUG   |200408 10:10:15|-- Loading filter Joomlaskipdirs
DEBUG   |200408 10:10:15|-- Loading filter Joomlaskipfiles
DEBUG   |200408 10:10:15|-- Loading filter Libraries
DEBUG   |200408 10:10:15|-- Loading filter Sitedb
DEBUG   |200408 10:10:15|-- Loading filter Siteroot
DEBUG   |200408 10:10:15|-- Loading filter Systemcachefiles
DEBUG   |200408 10:10:15|Loading optional filters
DEBUG   |200408 10:10:15|-- Loading optional filter Stack\StackErrorlogs
DEBUG   |200408 10:10:15|-- Loading optional filter Stack\StackHoststats
DEBUG   |200408 10:10:15|-- Loading optional filter Stack\StackActionlogs
DEBUG   |200408 10:10:15|-- Loading optional filter Stack\StackFinder
DEBUG   |200408 10:10:15|-- Loading optional filter Stack\StackMyjoomla
